This is pdfTeX, Version 3.1415926-2.5-1.40.14 (TeX Live 2013) (format=latex 2013.9.29)  3 JUN 2014 16:12
entering extended mode
 restricted \write18 enabled.
 Source specials enabled.
 %&-line parsing enabled.
**\input prop3.tex
(./prop3.tex (/usr/local/texlive/2013/texmf-dist/tex/latex/base/article.cls
Document Class: article 2007/10/19 v1.4h Standard LaTeX document class
(/usr/local/texlive/2013/texmf-dist/tex/latex/base/size11.clo
File: size11.clo 2007/10/19 v1.4h Standard LaTeX file (size option)
)
\c@part=\count79
\c@section=\count80
\c@subsection=\count81
\c@subsubsection=\count82
\c@paragraph=\count83
\c@subparagraph=\count84
\c@figure=\count85
\c@table=\count86
\abovecaptionskip=\skip41
\belowcaptionskip=\skip42
\bibindent=\dimen102
)
(/usr/local/texlive/2013/texmf-dist/tex/latex/geometry/geometry.sty
Package: geometry 2010/09/12 v5.6 Page Geometry

(/usr/local/texlive/2013/texmf-dist/tex/latex/graphics/keyval.sty
Package: keyval 1999/03/16 v1.13 key=value parser (DPC)
\KV@toks@=\toks14
)
(/usr/local/texlive/2013/texmf-dist/tex/generic/oberdiek/ifpdf.sty
Package: ifpdf 2011/01/30 v2.3 Provides the ifpdf switch (HO)
Package ifpdf Info: pdfTeX in PDF mode is not detected.
)
(/usr/local/texlive/2013/texmf-dist/tex/generic/oberdiek/ifvtex.sty
Package: ifvtex 2010/03/01 v1.5 Detect VTeX and its facilities (HO)
Package ifvtex Info: VTeX not detected.
)
(/usr/local/texlive/2013/texmf-dist/tex/generic/ifxetex/ifxetex.sty
Package: ifxetex 2010/09/12 v0.6 Provides ifxetex conditional
)
\Gm@cnth=\count87
\Gm@cntv=\count88
\c@Gm@tempcnt=\count89
\Gm@bindingoffset=\dimen103
\Gm@wd@mp=\dimen104
\Gm@odd@mp=\dimen105
\Gm@even@mp=\dimen106
\Gm@layoutwidth=\dimen107
\Gm@layoutheight=\dimen108
\Gm@layouthoffset=\dimen109
\Gm@layoutvoffset=\dimen110
\Gm@dimlist=\toks15
)
(/usr/local/texlive/2013/texmf-dist/tex/latex/psnfss/mathptmx.sty
Package: mathptmx 2005/04/12 PSNFSS-v9.2a Times w/ Math, improved (SPQR, WaS) 
LaTeX Font Info:    Redeclaring symbol font `operators' on input line 28.
LaTeX Font Info:    Overwriting symbol font `operators' in version `normal'
(Font)                  OT1/cmr/m/n --> OT1/ztmcm/m/n on input line 28.
LaTeX Font Info:    Overwriting symbol font `operators' in version `bold'
(Font)                  OT1/cmr/bx/n --> OT1/ztmcm/m/n on input line 28.
LaTeX Font Info:    Redeclaring symbol font `letters' on input line 29.
LaTeX Font Info:    Overwriting symbol font `letters' in version `normal'
(Font)                  OML/cmm/m/it --> OML/ztmcm/m/it on input line 29.
LaTeX Font Info:    Overwriting symbol font `letters' in version `bold'
(Font)                  OML/cmm/b/it --> OML/ztmcm/m/it on input line 29.
LaTeX Font Info:    Redeclaring symbol font `symbols' on input line 30.
LaTeX Font Info:    Overwriting symbol font `symbols' in version `normal'
(Font)                  OMS/cmsy/m/n --> OMS/ztmcm/m/n on input line 30.
LaTeX Font Info:    Overwriting symbol font `symbols' in version `bold'
(Font)                  OMS/cmsy/b/n --> OMS/ztmcm/m/n on input line 30.
LaTeX Font Info:    Redeclaring symbol font `largesymbols' on input line 31.
LaTeX Font Info:    Overwriting symbol font `largesymbols' in version `normal'
(Font)                  OMX/cmex/m/n --> OMX/ztmcm/m/n on input line 31.
LaTeX Font Info:    Overwriting symbol font `largesymbols' in version `bold'
(Font)                  OMX/cmex/m/n --> OMX/ztmcm/m/n on input line 31.
\symbold=\mathgroup4
\symitalic=\mathgroup5
LaTeX Font Info:    Redeclaring math alphabet \mathbf on input line 34.
LaTeX Font Info:    Overwriting math alphabet `\mathbf' in version `normal'
(Font)                  OT1/cmr/bx/n --> OT1/ptm/bx/n on input line 34.
LaTeX Font Info:    Overwriting math alphabet `\mathbf' in version `bold'
(Font)                  OT1/cmr/bx/n --> OT1/ptm/bx/n on input line 34.
LaTeX Font Info:    Redeclaring math alphabet \mathit on input line 35.
LaTeX Font Info:    Overwriting math alphabet `\mathit' in version `normal'
(Font)                  OT1/cmr/m/it --> OT1/ptm/m/it on input line 35.
LaTeX Font Info:    Overwriting math alphabet `\mathit' in version `bold'
(Font)                  OT1/cmr/bx/it --> OT1/ptm/m/it on input line 35.
LaTeX Info: Redefining \hbar on input line 50.
)
(/usr/local/texlive/2013/texmf-dist/tex/generic/epsf/epsf.sty
This is `epsf.tex' v2.7.4 <14 February 2011>
\epsffilein=\read1
\epsfframemargin=\dimen111
\epsfframethickness=\dimen112
\epsfrsize=\dimen113
\epsftmp=\dimen114
\epsftsize=\dimen115
\epsfxsize=\dimen116
\epsfysize=\dimen117
\pspoints=\dimen118
) (/usr/local/texlive/2013/texmf-dist/tex/latex/amsfonts/amsfonts.sty
Package: amsfonts 2013/01/14 v3.01 Basic AMSFonts support
\@emptytoks=\toks16
\symAMSa=\mathgroup6
\symAMSb=\mathgroup7
LaTeX Font Info:    Overwriting math alphabet `\mathfrak' in version `bold'
(Font)                  U/euf/m/n --> U/euf/b/n on input line 106.
)
(/usr/local/texlive/2013/texmf-dist/tex/latex/amsmath/amstext.sty
Package: amstext 2000/06/29 v2.01

(/usr/local/texlive/2013/texmf-dist/tex/latex/amsmath/amsgen.sty
File: amsgen.sty 1999/11/30 v2.0
\@emptytoks=\toks17
\ex@=\dimen119
))
(/usr/local/texlive/2013/texmf-dist/tex/latex/amsfonts/amssymb.sty
Package: amssymb 2013/01/14 v3.01 AMS font symbols
)
(/usr/local/texlive/2013/texmf-dist/tex/latex/url/url.sty
\Urlmuskip=\muskip10
Package: url 2006/04/12  ver 3.3  Verb mode for urls, etc.
)
(/usr/local/texlive/2013/texmf-dist/tex/latex/graphics/graphics.sty
Package: graphics 2009/02/05 v1.0o Standard LaTeX Graphics (DPC,SPQR)

(/usr/local/texlive/2013/texmf-dist/tex/latex/graphics/trig.sty
Package: trig 1999/03/16 v1.09 sin cos tan (DPC)
)
(/usr/local/texlive/2013/texmf-dist/tex/latex/latexconfig/graphics.cfg
File: graphics.cfg 2010/04/23 v1.9 graphics configuration of TeX Live
)
Package graphics Info: Driver file: dvips.def on input line 91.

(/usr/local/texlive/2013/texmf-dist/tex/latex/graphics/dvips.def
File: dvips.def 1999/02/16 v3.0i Driver-dependant file (DPC,SPQR)
))
(/usr/local/texlive/2013/texmf-dist/tex/generic/xypic/xy.sty
(/usr/local/texlive/2013/texmf-dist/tex/generic/xypic/xy.tex Bootstrap'ing:
catcodes, docmode,
(/usr/local/texlive/2013/texmf-dist/tex/generic/xypic/xyrecat.tex)
(/usr/local/texlive/2013/texmf-dist/tex/generic/xypic/xyidioms.tex)

 Xy-pic version 3.8.8 <2012/05/24>
 Copyright (c) 1991-2011 by Kristoffer H. Rose <krisrose@tug.org>
 Xy-pic is free software: see the User's Guide for details.

Loading kernel: messages; fonts; allocations: state,
\X@c=\dimen120
\Y@c=\dimen121
\U@c=\dimen122
\D@c=\dimen123
\L@c=\dimen124
\R@c=\dimen125
\Edge@c=\toks18
\X@p=\dimen126
\Y@p=\dimen127
\U@p=\dimen128
\D@p=\dimen129
\L@p=\dimen130
\R@p=\dimen131
\Edge@p=\toks19
\X@origin=\dimen132
\Y@origin=\dimen133
\X@xbase=\dimen134
\Y@xbase=\dimen135
\X@ybase=\dimen136
\Y@ybase=\dimen137
\X@min=\dimen138
\Y@min=\dimen139
\X@max=\dimen140
\Y@max=\dimen141
\lastobjectbox@=\box26
\zerodotbox@=\box27
\almostz@=\dimen142
 direction,
\d@X=\dimen143
\d@Y=\dimen144
\K@=\count90
\KK@=\count91
\Direction=\count92
\K@dXdY=\dimen145
\K@dYdX=\dimen146
\xyread@=\read2
\xywrite@=\write3
\csp@=\count93
\quotPTK@=\dimen147

utility macros; pictures: \xy, positions,
\swaptoks@@=\toks20
\connectobjectbox@@=\box28
 objects,
\styletoks@=\toks21
 decorations;
kernel objects: directionals, circles, text; options; algorithms: directions,
edges, connections;  Xy-pic loaded)
Package: xy 2012/05/24 Xy-pic version 3.8.8

(/usr/local/texlive/2013/texmf-dist/tex/generic/xypic/xydvips.tex
 Xy-pic option: DVIPS driver v.3.9 loaded)
(/usr/local/texlive/2013/texmf-dist/tex/generic/xypic/xyps.tex
 Xy-pic option: PostScript backend v.3.12 drivers, hooks, loaded)
(/usr/local/texlive/2013/texmf-dist/tex/generic/xypic/xyall.tex
 Xy-pic option: All features v.3.8
(/usr/local/texlive/2013/texmf-dist/tex/generic/xypic/xycurve.tex
 Xy-pic option: Curve and Spline extension v.3.12 curve,
\crv@cnt@=\count94
\crvpts@=\toks22
\splinebox@=\box29
\splineval@=\dimen148
\splinedepth@=\dimen149
\splinetol@=\dimen150
\splinelength@=\dimen151
 circles,
\L@=\dimen152
 loaded)
(/usr/local/texlive/2013/texmf-dist/tex/generic/xypic/xyframe.tex
 Xy-pic option: Frame and Bracket extension v.3.14 loaded)
(/usr/local/texlive/2013/texmf-dist/tex/generic/xypic/xycmtip.tex
 Xy-pic option: Computer Modern tip extension v.3.7
(/usr/local/texlive/2013/texmf-dist/tex/generic/xypic/xytips.tex
 Xy-pic option: More Tips extension v.3.9 loaded) loaded)
(/usr/local/texlive/2013/texmf-dist/tex/generic/xypic/xyline.tex
 Xy-pic option: Line styles extension v.3.10
\xylinethick@=\dimen153
 loaded)
(/usr/local/texlive/2013/texmf-dist/tex/generic/xypic/xyrotate.tex
 Xy-pic option: Rotate and Scale extension v.3.8 loaded)
(/usr/local/texlive/2013/texmf-dist/tex/generic/xypic/xycolor.tex
 Xy-pic option: Colour extension v.3.11
(/usr/local/texlive/2013/texmf-dist/tex/generic/xypic/xyps-c.tex
(/usr/local/texlive/2013/texmf-dist/tex/generic/xypic/xyps-s.tex)) loaded)
(/usr/local/texlive/2013/texmf-dist/tex/generic/xypic/xymatrix.tex
 Xy-pic option: Matrix feature v.3.14
\Row=\count95
\Col=\count96
\queue@=\toks23
\queue@@=\toks24
\qcount@=\count97
\qcount@@=\count98
\matrixsize@=\count99
 loaded)
(/usr/local/texlive/2013/texmf-dist/tex/generic/xypic/xyarrow.tex
 Xy-pic option: Arrow and Path feature v.3.9 path, \ar, loaded)
(/usr/local/texlive/2013/texmf-dist/tex/generic/xypic/xygraph.tex
 Xy-pic option: Graph feature v.3.11 loaded) loaded))
(/usr/local/texlive/2013/texmf-dist/tex/latex/tools/multicol.sty
Package: multicol 2011/06/27 v1.7a multicolumn formatting (FMi)
\c@tracingmulticols=\count100
\mult@box=\box30
\multicol@leftmargin=\dimen154
\c@unbalance=\count101
\c@collectmore=\count102
\doublecol@number=\count103
\multicoltolerance=\count104
\multicolpretolerance=\count105
\full@width=\dimen155
\page@free=\dimen156
\premulticols=\dimen157
\postmulticols=\dimen158
\multicolsep=\skip43
\multicolbaselineskip=\skip44
\partial@page=\box31
\last@line=\box32
\mult@rightbox=\box33
\mult@grightbox=\box34
\mult@gfirstbox=\box35
\mult@firstbox=\box36
\@tempa=\box37
\@tempa=\box38
\@tempa=\box39
\@tempa=\box40
\@tempa=\box41
\@tempa=\box42
\@tempa=\box43
\@tempa=\box44
\@tempa=\box45
\@tempa=\box46
\@tempa=\box47
\@tempa=\box48
\@tempa=\box49
\@tempa=\box50
\@tempa=\box51
\@tempa=\box52
\@tempa=\box53
\c@columnbadness=\count106
\c@finalcolumnbadness=\count107
\last@try=\dimen159
\multicolovershoot=\dimen160
\multicolundershoot=\dimen161
\mult@nat@firstbox=\box54
\colbreak@box=\box55
\multicol@sort@counter=\count108
)
(/usr/local/texlive/2013/texmf-dist/tex/latex/natbib/natbib.sty
Package: natbib 2010/09/13 8.31b (PWD, AO)
\bibhang=\skip45
\bibsep=\skip46
LaTeX Info: Redefining \cite on input line 694.
\c@NAT@ctr=\count109
)
\fminibox=\box56
 (./prop3.aux)
\openout1 = `prop3.aux'.

LaTeX Font Info:    Checking defaults for OML/cmm/m/it on input line 54.
LaTeX Font Info:    ... okay on input line 54.
LaTeX Font Info:    Checking defaults for T1/cmr/m/n on input line 54.
LaTeX Font Info:    ... okay on input line 54.
LaTeX Font Info:    Checking defaults for OT1/cmr/m/n on input line 54.
LaTeX Font Info:    ... okay on input line 54.
LaTeX Font Info:    Checking defaults for OMS/cmsy/m/n on input line 54.
LaTeX Font Info:    ... okay on input line 54.
LaTeX Font Info:    Checking defaults for OMX/cmex/m/n on input line 54.
LaTeX Font Info:    ... okay on input line 54.
LaTeX Font Info:    Checking defaults for U/cmr/m/n on input line 54.
LaTeX Font Info:    ... okay on input line 54.
LaTeX Font Info:    Try loading font information for OT1+ptm on input line 54.

(/usr/local/texlive/2013/texmf-dist/tex/latex/psnfss/ot1ptm.fd
File: ot1ptm.fd 2001/06/04 font definitions for OT1/ptm.
)
*geometry* driver: auto-detecting
*geometry* detected driver: dvips
*geometry* verbose mode - [ preamble ] result:
* driver: dvips
* paper: a4paper
* layout: <same size as paper>
* layoutoffset:(h,v)=(0.0pt,0.0pt)
* modes: 
* h-part:(L,W,R)=(56.9055pt, 483.69687pt, 56.9055pt)
* v-part:(T,H,B)=(56.9055pt, 731.23584pt, 56.9055pt)
* \paperwidth=597.50787pt
* \paperheight=845.04684pt
* \textwidth=483.69687pt
* \textheight=731.23584pt
* \oddsidemargin=-15.36449pt
* \evensidemargin=-15.36449pt
* \topmargin=-52.36449pt
* \headheight=12.0pt
* \headsep=25.0pt
* \topskip=11.0pt
* \footskip=30.0pt
* \marginparwidth=50.0pt
* \marginparsep=10.0pt
* \columnsep=10.0pt
* \skip\footins=10.0pt plus 4.0pt minus 2.0pt
* \hoffset=0.0pt
* \voffset=0.0pt
* \mag=1000
* \@twocolumnfalse
* \@twosidefalse
* \@mparswitchfalse
* \@reversemarginfalse
* (1in=72.27pt=25.4mm, 1cm=28.453pt)

\big@size=\dimen162
(/usr/local/texlive/2013/texmf-dist/tex/generic/xypic/xyps-ps.tex)

Xy-pic Warning: The produced DVI file is NOT PORTABLE [prop3:54]:
 It contains <driver> `dvips' \specials for the `PostScript' extension.

(/usr/local/texlive/2013/texmf-dist/tex/generic/xypic/xyps-pro.tex)
(/usr/local/texlive/2013/texmf-dist/tex/generic/xypic/xypspatt.tex)
(/usr/local/texlive/2013/texmf-dist/tex/generic/xypic/xypsdict.tex) PS relaxed
(/usr/local/texlive/2013/texmf-dist/tex/generic/xypic/xyps-r.tex)
(/usr/local/texlive/2013/texmf-dist/tex/generic/xypic/xyps-l.tex)
(/usr/local/texlive/2013/texmf-dist/tex/generic/xypic/xyps-f.tex)
LaTeX Font Info:    Font shape `OT1/ptm/bx/n' in size <14.4> not available
(Font)              Font shape `OT1/ptm/b/n' tried instead on input line 58.
LaTeX Font Info:    Font shape `OT1/ptm/bx/n' in size <10.95> not available
(Font)              Font shape `OT1/ptm/b/n' tried instead on input line 67.
LaTeX Font Info:    Try loading font information for OT1+ztmcm on input line 11
1.

(/usr/local/texlive/2013/texmf-dist/tex/latex/psnfss/ot1ztmcm.fd
File: ot1ztmcm.fd 2000/01/03 Fontinst v1.801 font definitions for OT1/ztmcm.
)
LaTeX Font Info:    Try loading font information for OML+ztmcm on input line 11
1.

(/usr/local/texlive/2013/texmf-dist/tex/latex/psnfss/omlztmcm.fd
File: omlztmcm.fd 2000/01/03 Fontinst v1.801 font definitions for OML/ztmcm.
)
LaTeX Font Info:    Try loading font information for OMS+ztmcm on input line 11
1.

(/usr/local/texlive/2013/texmf-dist/tex/latex/psnfss/omsztmcm.fd
File: omsztmcm.fd 2000/01/03 Fontinst v1.801 font definitions for OMS/ztmcm.
)
LaTeX Font Info:    Try loading font information for OMX+ztmcm on input line 11
1.

(/usr/local/texlive/2013/texmf-dist/tex/latex/psnfss/omxztmcm.fd
File: omxztmcm.fd 2000/01/03 Fontinst v1.801 font definitions for OMX/ztmcm.
)
LaTeX Font Info:    Font shape `OT1/ptm/bx/n' in size <8> not available
(Font)              Font shape `OT1/ptm/b/n' tried instead on input line 111.
LaTeX Font Info:    Font shape `OT1/ptm/bx/n' in size <6> not available
(Font)              Font shape `OT1/ptm/b/n' tried instead on input line 111.
LaTeX Font Info:    Font shape `OT1/ptm/m/ui' in size <10.95> not available
(Font)              Font shape `OT1/ptm/m/it' tried instead on input line 139.
 [1

] [2]
LaTeX Font Info:    Font shape `OT1/ptm/bx/n' in size <9> not available
(Font)              Font shape `OT1/ptm/b/n' tried instead on input line 379.
LaTeX Font Info:    Font shape `OT1/ptm/bx/n' in size <7> not available
(Font)              Font shape `OT1/ptm/b/n' tried instead on input line 379.
LaTeX Font Info:    Font shape `OT1/ptm/bx/n' in size <5> not available
(Font)              Font shape `OT1/ptm/b/n' tried instead on input line 379.
LaTeX Font Info:    Try loading font information for OMS+ptm on input line 425.


(/usr/local/texlive/2013/texmf-dist/tex/latex/psnfss/omsptm.fd
File: omsptm.fd 
)
LaTeX Font Info:    Font shape `OMS/ptm/m/n' in size <10.95> not available
(Font)              Font shape `OMS/cmsy/m/n' tried instead on input line 425.
Missing character: There is no â in font ptmr7t!
Missing character: There is no € in font ptmr7t!
Missing character: There is no ™ in font ptmr7t!
 [3] [4]

Package natbib Warning: Citation `AwodeyS:natmtt' on page 5 undefined on input 
line 686.


Package natbib Warning: Citation `JoyalA:cathl' on page 5 undefined on input li
ne 687.


Package natbib Warning: Citation `GambinoN:idetwfs' on page 5 undefined on inpu
t line 693.


Package natbib Warning: Citation `GambinoN:homl2c' on page 5 undefined on input
 line 693.

[5]
Missing character: There is no â in font ptmr7t!
Missing character: There is no € in font ptmr7t!
Missing character: There is no ™ in font ptmr7t!
Missing character: There is no â in font ptmr7t!
Missing character: There is no € in font ptmr7t!
Missing character: There is no ™ in font ptmr7t!
 [6] [7] [8]
Underfull \hbox (badness 1400) in paragraph at lines 1115--1128
[]\OT1/ptm/b/n/10.95 ...novel: \OT1/ptm/m/n/10.95 Our goal of turn-ing cutting-
edge de-vel-op-ments in type the-ory straight into state-of-the-art
 []

[9] [10] (./prop3.bbl
Underfull \hbox (badness 1303) in paragraph at lines 4--8
[][]\OT1/ptm/m/n/9 Michael Ab-bott, Thorsten Al-tenkirch, and Neil Ghani.
 []


Underfull \hbox (badness 1303) in paragraph at lines 10--14
[][]\OT1/ptm/m/n/9 Michael Ab-bott, Thorsten Al-tenkirch, and Neil Ghani.
 []


Underfull \hbox (badness 1303) in paragraph at lines 16--20
[][]\OT1/ptm/m/n/9 Michael Ab-bott, Thorsten Al-tenkirch, and Neil Ghani.
 []


Underfull \hbox (badness 1163) in paragraph at lines 22--25
[][]\OT1/ptm/m/n/9 Michael Ab-bott, Thorsten Al-tenkirch, Neil Ghani, and
 []


Underfull \hbox (badness 1163) in paragraph at lines 27--31
[][]\OT1/ptm/m/n/9 Michael Ab-bott, Thorsten Al-tenkirch, Neil Ghani, and
 []


Underfull \hbox (badness 2111) in paragraph at lines 27--31
\OT1/ptm/m/n/9 Conor McBride.  Con-struct-ing poly-mor-phic pro-grams
 []


Underfull \hbox (badness 1163) in paragraph at lines 33--37
[][]\OT1/ptm/m/n/9 Michael Ab-bott, Thorsten Al-tenkirch, Neil Ghani, and
 []


Underfull \hbox (badness 2503) in paragraph at lines 39--45
\OT1/ptm/m/it/9 2013 ACM SIG-PLAN Work-shop on Dependently-typed
 []


Underfull \hbox (badness 3364) in paragraph at lines 53--56
[][]\OT1/ptm/m/n/9 Thorsten Al-tenkirch and James Chap-man.  Big-step
 []


Underfull \hbox (badness 1953) in paragraph at lines 63--67
\OT1/ptm/m/n/9 icher.  Cat-e-gor-i-cal re-con-struc-tion of a re-duc-tion free
 []


Underfull \hbox (badness 1297) in paragraph at lines 87--93
\OT1/ptm/m/n/9 berg, and An-ton Set-zer.  A cat-e-gor-i-cal se-man-tics for
 []


Underfull \hbox (badness 1033) in paragraph at lines 87--93
\OT1/ptm/m/it/9 In-ter-na-tional Con-fer-ence on Al-ge-bra and Coal-ge-bra in
 []


Underfull \hbox (badness 2310) in paragraph at lines 87--93
\OT1/ptm/m/it/9 Com-puter Sci-ence\OT1/ptm/m/n/9 , vol-ume 6859 of \OT1/ptm/m/i
t/9 Lec-ture Notes in
 []


Underfull \hbox (badness 2318) in paragraph at lines 106--110
[][]\OT1/ptm/m/n/9 Robert Atkey, Neil Ghani, and Pa-tri-cia Jo-hann.  A
 []


Underfull \hbox (badness 3078) in paragraph at lines 118--122
\OT1/ptm/m/n/9 In Marko van Eeke-len, ed-i-tor, \OT1/ptm/m/it/9 Trends in Func-
tional
 []


Underfull \hbox (badness 1629) in paragraph at lines 142--146
\OT1/ptm/m/n/9 func-tors over groupoids.  In \OT1/ptm/m/it/9 28th Con-fer-ence 
on the
 []


Underfull \hbox (badness 3229) in paragraph at lines 142--146
\OT1/ptm/m/it/9 Math-e-mat-i-cal Foun-da-tions of Pro-gram-ming Se-man-tics\OT1
/ptm/m/n/9 ,
 []


Underfull \hbox (badness 1024) in paragraph at lines 148--153
\OT1/ptm/m/n/9 the-o-rem.  In \OT1/ptm/m/it/9 Typed Lambda Cal-culi and Ap-pli-
ca-tions,
 []


Underfull \hbox (badness 1168) in paragraph at lines 155--158
\OT1/ptm/m/n/9 tu-to-rial im-ple-men-ta-tion of a de-pen-dently typed lambda
 []


Underfull \hbox (badness 1348) in paragraph at lines 184--187
[][]\OT1/ptm/m/n/9 The Uni-va-lent Foun-da-tions Pro-gram.  \OT1/ptm/m/it/9 Ho-
mo-topy Type
 []

)

Package natbib Warning: There were undefined citations.

[11

] (./prop3.aux) ) 
Here is how much of TeX's memory you used:
 4756 strings out of 493316
 62005 string characters out of 6137930
 181143 words of memory out of 5000000
 8113 multiletter control sequences out of 15000+600000
 27552 words of font info for 80 fonts, out of 8000000 for 9000
 957 hyphenation exceptions out of 8191
 26i,8n,26p,284b,288s stack positions out of 5000i,500n,10000p,200000b,80000s

Output written on prop3.dvi (11 pages, 88488 bytes).
